c:\users\rai_e\desktop\game\warrioradventure\topgear\topgear\debug\vc142.pdb
c:\users\rai_e\desktop\game\warrioradventure\topgear\topgear\debug\vc142.idb
c:\users\rai_e\desktop\game\warrioradventure\topgear\topgear\debug\sprite.obj
c:\users\rai_e\desktop\game\warrioradventure\topgear\topgear\debug\sound.obj
c:\users\rai_e\desktop\game\warrioradventure\topgear\topgear\debug\scene.obj
c:\users\rai_e\desktop\game\warrioradventure\topgear\topgear\debug\renderer.obj
c:\users\rai_e\desktop\game\warrioradventure\topgear\topgear\debug\player.obj
c:\users\rai_e\desktop\game\warrioradventure\topgear\topgear\debug\object.obj
c:\users\rai_e\desktop\game\warrioradventure\topgear\topgear\debug\ninja.obj
c:\users\rai_e\desktop\game\warrioradventure\topgear\topgear\debug\kunai.obj
c:\users\rai_e\desktop\game\warrioradventure\topgear\topgear\debug\image.obj
c:\users\rai_e\desktop\game\warrioradventure\topgear\topgear\debug\graphics.obj
c:\users\rai_e\desktop\game\warrioradventure\topgear\topgear\debug\geometry.obj
c:\users\rai_e\desktop\game\warrioradventure\topgear\topgear\debug\game.obj
c:\users\rai_e\desktop\game\warrioradventure\topgear\topgear\debug\font.obj
c:\users\rai_e\desktop\game\warrioradventure\topgear\topgear\debug\engine.obj
c:\users\rai_e\desktop\game\warrioradventure\topgear\topgear\debug\controller.obj
c:\users\rai_e\desktop\game\warrioradventure\topgear\topgear\debug\cars.obj
c:\users\rai_e\desktop\game\warrioradventure\topgear\topgear\debug\block.obj
c:\users\rai_e\desktop\game\warrioradventure\topgear\topgear\debug\background.obj
c:\users\rai_e\desktop\game\warrioradventure\topgear\topgear\debug\audio.obj
c:\users\rai_e\desktop\game\warrioradventure\topgear\topgear\debug\animation.obj
c:\users\rai_e\desktop\game\warrioradventure\topgear\topgear\debug\window.obj
c:\users\rai_e\desktop\game\warrioradventure\topgear\topgear\debug\warrioradventure.obj
c:\users\rai_e\desktop\game\warrioradventure\topgear\topgear\debug\topgear.obj
c:\users\rai_e\desktop\game\warrioradventure\topgear\topgear\debug\timer.obj
c:\users\rai_e\desktop\game\warrioradventure\topgear\topgear\debug\tileset.obj
c:\users\rai_e\desktop\game\warrioradventure\topgear\topgear\debug\texture.obj
c:\users\rai_e\desktop\game\warrioradventure\topgear\topgear\debug\stripes.obj
c:\users\rai_e\desktop\game\warrioradventure\topgear\topgear\shaders\pixel.cso
c:\users\rai_e\desktop\game\warrioradventure\topgear\topgear\shaders\vertex.cso
c:\users\rai_e\desktop\game\warrioradventure\topgear\debug\topgear.exe
c:\users\rai_e\desktop\game\warrioradventure\topgear\topgear\debug\topgear.ilk
c:\users\rai_e\desktop\game\warrioradventure\topgear\debug\topgear.pdb
c:\users\rai_e\desktop\game\warrioradventure\topgear\topgear\debug\resources.res
c:\users\rai_e\desktop\game\warrioradventure\topgear\topgear\debug\topgear.tlog\cl.command.1.tlog
c:\users\rai_e\desktop\game\warrioradventure\topgear\topgear\debug\topgear.tlog\cl.read.1.tlog
c:\users\rai_e\desktop\game\warrioradventure\topgear\topgear\debug\topgear.tlog\cl.write.1.tlog
c:\users\rai_e\desktop\game\warrioradventure\topgear\topgear\debug\topgear.tlog\fxc.command.1.tlog
c:\users\rai_e\desktop\game\warrioradventure\topgear\topgear\debug\topgear.tlog\fxc.read.1.tlog
c:\users\rai_e\desktop\game\warrioradventure\topgear\topgear\debug\topgear.tlog\fxc.write.1.tlog
c:\users\rai_e\desktop\game\warrioradventure\topgear\topgear\debug\topgear.tlog\link.command.1.tlog
c:\users\rai_e\desktop\game\warrioradventure\topgear\topgear\debug\topgear.tlog\link.read.1.tlog
c:\users\rai_e\desktop\game\warrioradventure\topgear\topgear\debug\topgear.tlog\link.write.1.tlog
c:\users\rai_e\desktop\game\warrioradventure\topgear\topgear\debug\topgear.tlog\rc.command.1.tlog
c:\users\rai_e\desktop\game\warrioradventure\topgear\topgear\debug\topgear.tlog\rc.read.1.tlog
c:\users\rai_e\desktop\game\warrioradventure\topgear\topgear\debug\topgear.tlog\rc.write.1.tlog
